d:\basic\windows_for_vs\x64\release\basic.ipdb
d:\basic\windows_for_vs\x64\release\basic.iobj
d:\basic\windows_for_vs\lab2\x64\release\basic.nativecodeanalysis.xml
d:\basic\windows_for_vs\lab2\x64\release\evalstate.nativecodeanalysis.xml
d:\basic\windows_for_vs\lab2\x64\release\exp.nativecodeanalysis.xml
d:\basic\windows_for_vs\lab2\x64\release\parser.nativecodeanalysis.xml
d:\basic\windows_for_vs\lab2\x64\release\program.nativecodeanalysis.xml
d:\basic\windows_for_vs\lab2\x64\release\statement.nativecodeanalysis.xml
d:\basic\windows_for_vs\lab2\x64\release\error.nativecodeanalysis.xml
d:\basic\windows_for_vs\lab2\x64\release\lexicon.nativecodeanalysis.xml
d:\basic\windows_for_vs\lab2\x64\release\simpio.nativecodeanalysis.xml
d:\basic\windows_for_vs\lab2\x64\release\strlib.nativecodeanalysis.xml
d:\basic\windows_for_vs\lab2\x64\release\tokenscanner.nativecodeanalysis.xml
d:\basic\windows_for_vs\lab2\x64\release\vc141.pdb
d:\basic\windows_for_vs\lab2\x64\release\tokenscanner.obj
d:\basic\windows_for_vs\lab2\x64\release\strlib.obj
d:\basic\windows_for_vs\lab2\x64\release\simpio.obj
d:\basic\windows_for_vs\lab2\x64\release\lexicon.obj
d:\basic\windows_for_vs\lab2\x64\release\error.obj
d:\basic\windows_for_vs\lab2\x64\release\statement.obj
d:\basic\windows_for_vs\lab2\x64\release\program.obj
d:\basic\windows_for_vs\lab2\x64\release\parser.obj
d:\basic\windows_for_vs\lab2\x64\release\exp.obj
d:\basic\windows_for_vs\lab2\x64\release\evalstate.obj
d:\basic\windows_for_vs\lab2\x64\release\basic.obj
d:\basic\windows_for_vs\x64\release\basic.exe
d:\basic\windows_for_vs\x64\release\basic.pdb
d:\basic\windows_for_vs\lab2\x64\release\nativecodeanalysis.read.1.tlog
d:\basic\windows_for_vs\lab2\x64\release\vc.nativecodeanalysis.all.xml
d:\basic\windows_for_vs\x64\release\basic.exe.lastcodeanalysissucceeded
d:\basic\windows_for_vs\lab2\x64\release\basic.tlog\basic.write.1u.tlog
d:\basic\windows_for_vs\lab2\x64\release\basic.tlog\cl.command.1.tlog
d:\basic\windows_for_vs\lab2\x64\release\basic.tlog\cl.read.1.tlog
d:\basic\windows_for_vs\lab2\x64\release\basic.tlog\cl.write.1.tlog
d:\basic\windows_for_vs\lab2\x64\release\basic.tlog\link.command.1.tlog
d:\basic\windows_for_vs\lab2\x64\release\basic.tlog\link.read.1.tlog
d:\basic\windows_for_vs\lab2\x64\release\basic.tlog\link.write.1.tlog
